Build started 30/10/2024 15:33:06.
     1>Project "D:\CloadStorage\OneDrive\GitHubRepositories\BeaconBox\ConsoleApplication1\ConsoleApplication1\ConsoleApplication1.vcxproj" on node 2 (Build target(s)).
     1>InitializeBuildStatus:
         Creating "Debug\ConsoleA.26F40BD6.tlog\unsuccessfulbuild" because "AlwaysCreate" was specified.
       ClCompile:
         C:\Program Files (x86)\Microsoft Visual Studio\2017\Professional\VC\Tools\MSVC\14.16.27023\bin\HostX86\x86\CL.exe /c /ZI /JMC /nologo /W3 /WX- /diagnostics:classic /sdl /Od /Oy- /D WIN32 /D _DEBUG /D _CONSOLE /D _UNICODE /D UNICODE /Gm- /EHsc /RTC1 /MDd /GS /fp:precise /permissive- /Zc:wchar_t /Zc:forScope /Zc:inline /Fo"Debug\\" /Fd"Debug\vc141.pdb" /Gd /TP /analyze- /FC /errorReport:prompt ConsoleApplication1.cpp
         ConsoleApplication1.cpp
     1>d:\cloadstorage\onedrive\githubrepositories\beaconbox\consoleapplication1\consoleapplication1\consoleapplication1.cpp(280): warning C4172: returning address of local variable or temporary: SunData
       Link:
         C:\Program Files (x86)\Microsoft Visual Studio\2017\Professional\VC\Tools\MSVC\14.16.27023\bin\HostX86\x86\link.exe /ERRORREPORT:PROMPT /OUT:"D:\CloadStorage\OneDrive\GitHubRepositories\BeaconBox\ConsoleApplication1\Debug\ConsoleApplication1.exe" /INCREMENTAL /NOLOGO kernel32.lib user32.lib gdi32.lib winspool.lib comdlg32.lib advapi32.lib shell32.lib ole32.lib oleaut32.lib uuid.lib odbc32.lib odbccp32.lib /MANIFEST /MANIFESTUAC:"level='asInvoker' uiAccess='false'" /manifest:embed /DEBUG:FASTLINK /PDB:"D:\CloadStorage\OneDrive\GitHubRepositories\BeaconBox\ConsoleApplication1\Debug\ConsoleApplication1.pdb" /SUBSYSTEM:CONSOLE /TLBID:1 /DYNAMICBASE /NXCOMPAT /IMPLIB:"D:\CloadStorage\OneDrive\GitHubRepositories\BeaconBox\ConsoleApplication1\Debug\ConsoleApplication1.lib" /MACHINE:X86 Debug\ConsoleApplication1.obj
         ConsoleApplication1.vcxproj -> D:\CloadStorage\OneDrive\GitHubRepositories\BeaconBox\ConsoleApplication1\Debug\ConsoleApplication1.exe
       FinalizeBuildStatus:
         Deleting file "Debug\ConsoleA.26F40BD6.tlog\unsuccessfulbuild".
         Touching "Debug\ConsoleA.26F40BD6.tlog\ConsoleApplication1.lastbuildstate".
     1>Done Building Project "D:\CloadStorage\OneDrive\GitHubRepositories\BeaconBox\ConsoleApplication1\ConsoleApplication1\ConsoleApplication1.vcxproj" (Build target(s)).

Build succeeded.

       "D:\CloadStorage\OneDrive\GitHubRepositories\BeaconBox\ConsoleApplication1\ConsoleApplication1\ConsoleApplication1.vcxproj" (Build target) (1) ->
       (ClCompile target) -> 
         d:\cloadstorage\onedrive\githubrepositories\beaconbox\consoleapplication1\consoleapplication1\consoleapplication1.cpp(280): warning C4172: returning address of local variable or temporary: SunData

    1 Warning(s)
    0 Error(s)

Time Elapsed 00:00:01.08
